12-22 14:52 INFO     cuda:0
12-22 14:52 INFO     ####################################################################################################
12-22 14:52 INFO     Partitioning data
12-22 14:52 INFO     Data statistics: {0: {0: 333, 1: 390, 2: 15, 3: 14, 4: 2, 5: 282, 6: 6, 7: 943, 8: 236, 9: 235}, 1: {0: 453, 2: 88, 3: 673, 4: 118, 5: 740, 6: 73, 7: 125, 8: 106, 9: 48}, 2: {0: 426, 1: 735, 2: 1145, 3: 441, 4: 1, 5: 7, 6: 567}, 3: {0: 132, 1: 80, 2: 30, 3: 2, 4: 965, 5: 266, 6: 627, 7: 908}, 4: {0: 133, 1: 171, 2: 691, 3: 451, 4: 84, 5: 277, 6: 81, 7: 223, 8: 1279}, 5: {0: 57, 1: 918, 2: 237, 3: 534, 4: 388, 5: 208, 6: 747}, 6: {0: 790, 1: 906, 2: 3, 3: 339, 4: 65, 5: 121, 6: 223, 7: 33, 8: 2063}, 7: {0: 307, 1: 256, 2: 15, 3: 1038, 4: 284, 5: 56, 7: 192, 8: 21, 9: 831}, 8: {0: 130, 1: 8, 2: 219, 3: 348, 4: 1455, 5: 2, 6: 562, 7: 5, 8: 132, 9: 624}, 9: {0: 515, 1: 290, 2: 59, 3: 299, 4: 45, 5: 557, 7: 7, 8: 289, 9: 232}, 10: {0: 1849, 1: 273, 2: 130, 3: 15, 4: 2, 5: 10, 6: 1, 7: 861}, 11: {0: 14, 1: 5, 2: 8, 3: 21, 4: 572, 5: 94, 6: 986, 7: 713, 8: 34, 9: 1194}, 12: {0: 158, 1: 505, 2: 229, 3: 22, 4: 244, 5: 94, 6: 722, 7: 54, 8: 153, 9: 256}, 13: {0: 3, 1: 961, 2: 22, 3: 356, 4: 142, 5: 32, 6: 130, 7: 308, 8: 319, 9: 939}, 14: {0: 2, 1: 1, 2: 24, 3: 546, 4: 442, 5: 396, 6: 3, 7: 624, 8: 79, 9: 15}, 15: {0: 78, 1: 101, 2: 215, 3: 8, 4: 23, 5: 348, 6: 589, 7: 466, 8: 905, 9: 726}, 16: {0: 306, 1: 222, 2: 781, 3: 10, 4: 139, 5: 66, 6: 29, 7: 207, 8: 21, 9: 645}, 17: {0: 224, 1: 460, 2: 81, 3: 434, 4: 657, 5: 3, 6: 114, 7: 295, 8: 66, 9: 201}, 18: {0: 1, 1: 320, 2: 250, 3: 447, 4: 213, 5: 1462, 6: 79, 7: 119, 8: 98, 9: 3}, 19: {0: 12, 1: 140, 2: 1716, 3: 133, 4: 1, 5: 400, 6: 379, 7: 182, 8: 50}}
12-22 14:52 INFO     Initializing nets
12-22 14:52 INFO     ######################in comm round:###############################0
12-22 14:52 INFO     Training network 0. n_training: 2456
12-22 14:52 INFO     Training network 0
12-22 14:52 INFO     n_training: 38
12-22 14:52 INFO     n_test: 313
12-22 14:52 INFO     >> Pre-Training Training accuracy: 0.005345394736842105
12-22 14:52 INFO     >> Pre-Training Test accuracy: 0.1
12-22 14:52 INFO     Epoch: 0 Loss: 2.056629 Loss1: 2.056629 Loss2: 0.270813
12-22 14:52 INFO     Epoch: 1 Loss: 1.742335 Loss1: 1.742335 Loss2: 0.383363
12-22 14:52 INFO     Epoch: 2 Loss: 1.659434 Loss1: 1.659434 Loss2: 0.451723
12-22 14:52 INFO     Epoch: 3 Loss: 1.360312 Loss1: 1.360312 Loss2: 0.532461
12-22 14:52 INFO     Epoch: 4 Loss: 1.020111 Loss1: 1.020111 Loss2: 0.679006
12-22 14:52 INFO     >> Training accuracy: 0.659951
12-22 14:52 INFO     >> Test accuracy: 0.332100
12-22 14:52 INFO      ** Training complete **
12-22 14:52 INFO     net 0 final test acc 0.332100
12-22 14:52 INFO     Training network 1. n_training: 2424
12-22 14:52 INFO     Training network 1
12-22 14:52 INFO     n_training: 37
12-22 14:52 INFO     n_test: 313
12-22 14:53 INFO     >> Pre-Training Training accuracy: 0.2622466216216216
12-22 14:53 INFO     >> Pre-Training Test accuracy: 0.1
