12-22 14:57 INFO     cuda:0
12-22 14:57 INFO     ####################################################################################################
12-22 14:57 INFO     Partitioning data
12-22 14:57 INFO     Data statistics: {0: {0: 333, 1: 390, 2: 15, 3: 14, 4: 2, 5: 282, 6: 6, 7: 943, 8: 236, 9: 235}, 1: {0: 453, 2: 88, 3: 673, 4: 118, 5: 740, 6: 73, 7: 125, 8: 106, 9: 48}, 2: {0: 426, 1: 735, 2: 1145, 3: 441, 4: 1, 5: 7, 6: 567}, 3: {0: 132, 1: 80, 2: 30, 3: 2, 4: 965, 5: 266, 6: 627, 7: 908}, 4: {0: 133, 1: 171, 2: 691, 3: 451, 4: 84, 5: 277, 6: 81, 7: 223, 8: 1279}, 5: {0: 57, 1: 918, 2: 237, 3: 534, 4: 388, 5: 208, 6: 747}, 6: {0: 790, 1: 906, 2: 3, 3: 339, 4: 65, 5: 121, 6: 223, 7: 33, 8: 2063}, 7: {0: 307, 1: 256, 2: 15, 3: 1038, 4: 284, 5: 56, 7: 192, 8: 21, 9: 831}, 8: {0: 130, 1: 8, 2: 219, 3: 348, 4: 1455, 5: 2, 6: 562, 7: 5, 8: 132, 9: 624}, 9: {0: 515, 1: 290, 2: 59, 3: 299, 4: 45, 5: 557, 7: 7, 8: 289, 9: 232}, 10: {0: 1849, 1: 273, 2: 130, 3: 15, 4: 2, 5: 10, 6: 1, 7: 861}, 11: {0: 14, 1: 5, 2: 8, 3: 21, 4: 572, 5: 94, 6: 986, 7: 713, 8: 34, 9: 1194}, 12: {0: 158, 1: 505, 2: 229, 3: 22, 4: 244, 5: 94, 6: 722, 7: 54, 8: 153, 9: 256}, 13: {0: 3, 1: 961, 2: 22, 3: 356, 4: 142, 5: 32, 6: 130, 7: 308, 8: 319, 9: 939}, 14: {0: 2, 1: 1, 2: 24, 3: 546, 4: 442, 5: 396, 6: 3, 7: 624, 8: 79, 9: 15}, 15: {0: 78, 1: 101, 2: 215, 3: 8, 4: 23, 5: 348, 6: 589, 7: 466, 8: 905, 9: 726}, 16: {0: 306, 1: 222, 2: 781, 3: 10, 4: 139, 5: 66, 6: 29, 7: 207, 8: 21, 9: 645}, 17: {0: 224, 1: 460, 2: 81, 3: 434, 4: 657, 5: 3, 6: 114, 7: 295, 8: 66, 9: 201}, 18: {0: 1, 1: 320, 2: 250, 3: 447, 4: 213, 5: 1462, 6: 79, 7: 119, 8: 98, 9: 3}, 19: {0: 12, 1: 140, 2: 1716, 3: 133, 4: 1, 5: 400, 6: 379, 7: 182, 8: 50}}
12-22 14:57 INFO     Initializing nets
12-22 14:57 INFO     ######################in comm round:###############################0
12-22 14:57 INFO     Training network 0. n_training: 2456
12-22 14:57 INFO     >> Training accuracy: 0.380345
12-22 14:57 INFO     >> Test accuracy: 0.102600
12-22 14:57 INFO      ** Training complete **
12-22 14:57 INFO     net 0 final test acc 0.102600
12-22 14:57 INFO     Training network 1. n_training: 2424
12-22 14:57 INFO     >> Training accuracy: 0.187500
12-22 14:57 INFO     >> Test accuracy: 0.098000
12-22 14:57 INFO      ** Training complete **
12-22 14:57 INFO     net 1 final test acc 0.098000
12-22 14:57 INFO     Training network 2. n_training: 3322
12-22 14:58 INFO     >> Training accuracy: 0.000306
12-22 14:58 INFO     >> Test accuracy: 0.040800
12-22 14:58 INFO      ** Training complete **
12-22 14:58 INFO     net 2 final test acc 0.040800
12-22 14:58 INFO     Training network 3. n_training: 3010
12-22 14:58 INFO     >> Training accuracy: 0.136968
12-22 14:58 INFO     >> Test accuracy: 0.066200
12-22 14:58 INFO      ** Training complete **
12-22 14:58 INFO     net 3 final test acc 0.066200
12-22 14:58 INFO     Training network 4. n_training: 3390
12-22 14:59 INFO     >> Training accuracy: 0.039363
12-22 14:59 INFO     >> Test accuracy: 0.098000
12-22 14:59 INFO      ** Training complete **
12-22 14:59 INFO     net 4 final test acc 0.098000
12-22 14:59 INFO     Training network 5. n_training: 3089
12-22 14:59 INFO     >> Training accuracy: 0.105794
12-22 14:59 INFO     >> Test accuracy: 0.170800
12-22 14:59 INFO      ** Training complete **
12-22 14:59 INFO     net 5 final test acc 0.170800
12-22 14:59 INFO     Training network 6. n_training: 4543
12-22 15:00 INFO     >> Training accuracy: 0.071429
12-22 15:00 INFO     >> Test accuracy: 0.035600
12-22 15:00 INFO      ** Training complete **
12-22 15:00 INFO     net 6 final test acc 0.035600
12-22 15:00 INFO     Training network 7. n_training: 3000
12-22 15:00 INFO     >> Training accuracy: 0.082201
12-22 15:00 INFO     >> Test accuracy: 0.068200
12-22 15:00 INFO      ** Training complete **
12-22 15:00 INFO     net 7 final test acc 0.068200
12-22 15:00 INFO     Training network 8. n_training: 3485
12-22 15:01 INFO     >> Training accuracy: 0.037326
12-22 15:01 INFO     >> Test accuracy: 0.098000
12-22 15:01 INFO      ** Training complete **
12-22 15:01 INFO     net 8 final test acc 0.098000
12-22 15:01 INFO     Training network 9. n_training: 2293
12-22 15:01 INFO     >> Training accuracy: 0.250446
12-22 15:01 INFO     >> Test accuracy: 0.154800
12-22 15:01 INFO      ** Training complete **
12-22 15:01 INFO     net 9 final test acc 0.154800
12-22 15:01 INFO     Training network 10. n_training: 3141
