12-21 20:19 INFO     cuda:0
12-21 20:19 INFO     ####################################################################################################
12-21 20:19 INFO     Partitioning data
12-21 20:19 INFO     Data statistics: {0: {0: 333, 1: 390, 2: 15, 3: 14, 4: 2, 5: 282, 6: 6, 7: 943, 8: 236, 9: 235}, 1: {0: 453, 2: 88, 3: 673, 4: 118, 5: 740, 6: 73, 7: 125, 8: 106, 9: 48}, 2: {0: 426, 1: 735, 2: 1145, 3: 441, 4: 1, 5: 7, 6: 567}, 3: {0: 132, 1: 80, 2: 30, 3: 2, 4: 965, 5: 266, 6: 627, 7: 908}, 4: {0: 133, 1: 171, 2: 691, 3: 451, 4: 84, 5: 277, 6: 81, 7: 223, 8: 1279}, 5: {0: 57, 1: 918, 2: 237, 3: 534, 4: 388, 5: 208, 6: 747}, 6: {0: 790, 1: 906, 2: 3, 3: 339, 4: 65, 5: 121, 6: 223, 7: 33, 8: 2063}, 7: {0: 307, 1: 256, 2: 15, 3: 1038, 4: 284, 5: 56, 7: 192, 8: 21, 9: 831}, 8: {0: 130, 1: 8, 2: 219, 3: 348, 4: 1455, 5: 2, 6: 562, 7: 5, 8: 132, 9: 624}, 9: {0: 515, 1: 290, 2: 59, 3: 299, 4: 45, 5: 557, 7: 7, 8: 289, 9: 232}, 10: {0: 1849, 1: 273, 2: 130, 3: 15, 4: 2, 5: 10, 6: 1, 7: 861}, 11: {0: 14, 1: 5, 2: 8, 3: 21, 4: 572, 5: 94, 6: 986, 7: 713, 8: 34, 9: 1194}, 12: {0: 158, 1: 505, 2: 229, 3: 22, 4: 244, 5: 94, 6: 722, 7: 54, 8: 153, 9: 256}, 13: {0: 3, 1: 961, 2: 22, 3: 356, 4: 142, 5: 32, 6: 130, 7: 308, 8: 319, 9: 939}, 14: {0: 2, 1: 1, 2: 24, 3: 546, 4: 442, 5: 396, 6: 3, 7: 624, 8: 79, 9: 15}, 15: {0: 78, 1: 101, 2: 215, 3: 8, 4: 23, 5: 348, 6: 589, 7: 466, 8: 905, 9: 726}, 16: {0: 306, 1: 222, 2: 781, 3: 10, 4: 139, 5: 66, 6: 29, 7: 207, 8: 21, 9: 645}, 17: {0: 224, 1: 460, 2: 81, 3: 434, 4: 657, 5: 3, 6: 114, 7: 295, 8: 66, 9: 201}, 18: {0: 1, 1: 320, 2: 250, 3: 447, 4: 213, 5: 1462, 6: 79, 7: 119, 8: 98, 9: 3}, 19: {0: 12, 1: 140, 2: 1716, 3: 133, 4: 1, 5: 400, 6: 379, 7: 182, 8: 50}}
12-21 20:19 INFO     Initializing nets
12-21 20:19 INFO     in comm round:0
12-21 20:19 INFO     Training network 0. n_training: 2456
12-21 20:19 INFO     Training network 0
12-21 20:19 INFO     n_training: 38
12-21 20:19 INFO     n_test: 313
12-21 20:19 INFO     >> Pre-Training Training accuracy: 0.005345394736842105
12-21 20:19 INFO     >> Pre-Training Test accuracy: 0.1
12-21 20:19 INFO     Epoch: 0 Loss: 2.056629
12-21 20:20 INFO     >> Training accuracy: 0.385280
12-21 20:20 INFO     >> Test accuracy: 0.102800
12-21 20:20 INFO     Epoch: 1 Loss: 1.750673
12-21 20:20 INFO     Epoch: 2 Loss: 1.663864
12-21 20:20 INFO     Epoch: 3 Loss: 1.423287
12-21 20:20 INFO     Epoch: 4 Loss: 1.077067
12-21 20:20 INFO     >> Training accuracy: 0.671875
12-21 20:20 INFO     >> Test accuracy: 0.383300
12-21 20:20 INFO      ** Training complete **
12-21 20:20 INFO     net 0 final test acc 0.383300
12-21 20:20 INFO     Training network 1. n_training: 2424
12-21 20:20 INFO     Training network 1
12-21 20:20 INFO     n_training: 37
12-21 20:20 INFO     n_test: 313
12-21 20:20 INFO     >> Pre-Training Training accuracy: 0.26140202702702703
12-21 20:20 INFO     >> Pre-Training Test accuracy: 0.1
12-21 20:20 INFO     Epoch: 0 Loss: 2.041268
12-21 20:20 INFO     >> Training accuracy: 0.313345
12-21 20:20 INFO     >> Test accuracy: 0.088900
12-21 20:20 INFO     Epoch: 1 Loss: 1.786695
12-21 20:21 INFO     Epoch: 2 Loss: 1.753104
12-21 20:21 INFO     Epoch: 3 Loss: 1.654739
12-21 20:21 INFO     Epoch: 4 Loss: 1.445730
12-21 20:21 INFO     >> Training accuracy: 0.494088
12-21 20:21 INFO     >> Test accuracy: 0.203900
12-21 20:21 INFO      ** Training complete **
12-21 20:21 INFO     net 1 final test acc 0.203900
12-21 20:21 INFO     Training network 2. n_training: 3322
12-21 20:21 INFO     Training network 2
12-21 20:21 INFO     n_training: 51
12-21 20:21 INFO     n_test: 313
12-21 20:21 INFO     >> Pre-Training Training accuracy: 0.12867647058823528
12-21 20:21 INFO     >> Pre-Training Test accuracy: 0.1
12-21 20:21 INFO     Epoch: 0 Loss: 1.899329
12-21 20:21 INFO     >> Training accuracy: 0.345895
12-21 20:21 INFO     >> Test accuracy: 0.103200
12-21 20:21 INFO     Epoch: 1 Loss: 1.510876
12-21 20:21 INFO     Epoch: 2 Loss: 1.226178
12-21 20:21 INFO     Epoch: 3 Loss: 0.986145
12-21 20:21 INFO     Epoch: 4 Loss: 0.841466
12-21 20:22 INFO     >> Training accuracy: 0.714154
12-21 20:22 INFO     >> Test accuracy: 0.411900
12-21 20:22 INFO      ** Training complete **
12-21 20:22 INFO     net 2 final test acc 0.411900
12-21 20:22 INFO     Training network 3. n_training: 3010
12-21 20:22 INFO     Training network 3
12-21 20:22 INFO     n_training: 47
12-21 20:22 INFO     n_test: 313
12-21 20:22 INFO     >> Pre-Training Training accuracy: 0.0006648936170212766
12-21 20:22 INFO     >> Pre-Training Test accuracy: 0.1
12-21 20:22 INFO     Epoch: 0 Loss: 1.897583
12-21 20:22 INFO     >> Training accuracy: 0.330120
12-21 20:22 INFO     >> Test accuracy: 0.133000
12-21 20:22 INFO     Epoch: 1 Loss: 1.549233
12-21 20:22 INFO     Epoch: 2 Loss: 1.359078
12-21 20:22 INFO     Epoch: 3 Loss: 1.051424
12-21 20:22 INFO     Epoch: 4 Loss: 0.674618
12-21 20:23 INFO     >> Training accuracy: 0.803524
12-21 20:23 INFO     >> Test accuracy: 0.358600
12-21 20:23 INFO      ** Training complete **
12-21 20:23 INFO     net 3 final test acc 0.358600
12-21 20:23 INFO     Training network 4. n_training: 3390
12-21 20:23 INFO     Training network 4
12-21 20:23 INFO     n_training: 52
12-21 20:23 INFO     n_test: 313
12-21 20:23 INFO     >> Pre-Training Training accuracy: 0.12890625
12-21 20:23 INFO     >> Pre-Training Test accuracy: 0.1
12-21 20:23 INFO     Epoch: 0 Loss: 1.968204
12-21 20:23 INFO     >> Training accuracy: 0.375000
12-21 20:23 INFO     >> Test accuracy: 0.097400
12-21 20:23 INFO     Epoch: 1 Loss: 1.786350
12-21 20:23 INFO     Epoch: 2 Loss: 1.740006
12-21 20:23 INFO     Epoch: 3 Loss: 1.627294
12-21 20:23 INFO     Epoch: 4 Loss: 1.447481
12-21 20:23 INFO     >> Training accuracy: 0.485577
12-21 20:23 INFO     >> Test accuracy: 0.187600
12-21 20:23 INFO      ** Training complete **
12-21 20:23 INFO     net 4 final test acc 0.187600
12-21 20:23 INFO     Training network 5. n_training: 3089
12-21 20:23 INFO     Training network 5
12-21 20:23 INFO     n_training: 48
12-21 20:23 INFO     n_test: 313
12-21 20:24 INFO     >> Pre-Training Training accuracy: 0.1640625
12-21 20:24 INFO     >> Pre-Training Test accuracy: 0.1
12-21 20:24 INFO     Epoch: 0 Loss: 2.006293
12-21 20:24 INFO     >> Training accuracy: 0.404297
12-21 20:24 INFO     >> Test accuracy: 0.174000
12-21 20:24 INFO     Epoch: 1 Loss: 1.716768
12-21 20:24 INFO     Epoch: 2 Loss: 1.387260
12-21 20:24 INFO     Epoch: 3 Loss: 1.049217
12-21 20:24 INFO     Epoch: 4 Loss: 0.879385
12-21 20:24 INFO     >> Training accuracy: 0.728841
12-21 20:24 INFO     >> Test accuracy: 0.384000
12-21 20:24 INFO      ** Training complete **
12-21 20:24 INFO     net 5 final test acc 0.384000
12-21 20:24 INFO     Training network 6. n_training: 4543
12-21 20:24 INFO     Training network 6
12-21 20:24 INFO     n_training: 70
12-21 20:24 INFO     n_test: 313
12-21 20:25 INFO     >> Pre-Training Training accuracy: 0.07276785714285715
12-21 20:25 INFO     >> Pre-Training Test accuracy: 0.1
12-21 20:25 INFO     Epoch: 0 Loss: 1.685779
12-21 20:25 INFO     >> Training accuracy: 0.453795
12-21 20:25 INFO     >> Test accuracy: 0.097400
12-21 20:25 INFO     Epoch: 1 Loss: 1.223552
12-21 20:25 INFO     Epoch: 2 Loss: 0.894729
12-21 20:25 INFO     Epoch: 3 Loss: 0.696797
12-21 20:25 INFO     Epoch: 4 Loss: 0.650061
12-21 20:25 INFO     >> Training accuracy: 0.808929
12-21 20:25 INFO     >> Test accuracy: 0.310000
12-21 20:25 INFO      ** Training complete **
12-21 20:25 INFO     net 6 final test acc 0.310000
12-21 20:25 INFO     Training network 7. n_training: 3000
12-21 20:25 INFO     Training network 7
12-21 20:25 INFO     n_training: 46
12-21 20:25 INFO     n_test: 313
12-21 20:26 INFO     >> Pre-Training Training accuracy: 0.33627717391304346
12-21 20:26 INFO     >> Pre-Training Test accuracy: 0.1
